2022-11-21 06:29:57 [-][1][-][info][workflow] Editor and Publisher groups not set in settings.
2022-11-21 06:29:56 [-][1][-][info][application] $_GET = [
    'p' => 'admin/entries/pages/94'
    'draftId' => '30'
    'fresh' => '1'
]

$_POST = []
2022-11-21 06:30:19 [-][1][-][info][workflow] Editor and Publisher groups not set in settings.
2022-11-21 06:30:18 [-][1][-][info][application] $_GET = [
    'p' => 'admin/entries/pages/96'
    'draftId' => '31'
    'fresh' => '1'
]

$_POST = []
2022-11-21 06:35:27 [-][1][-][info][workflow] Editor and Publisher groups not set in settings.
2022-11-21 06:35:27 [-][1][-][info][application] $_GET = [
    'p' => 'admin/entries/home/2-home'
]

$_POST = []
2022-11-21 06:35:46 [-][1][-][info][workflow] Editor and Publisher groups not set in settings.
2022-11-21 06:35:45 [-][1][-][info][application] $_GET = [
    'p' => 'admin/entries/promo/36-at-the-movies'
]

$_POST = []
2022-11-21 06:35:57 [-][1][-][info][workflow] Editor and Publisher groups not set in settings.
2022-11-21 06:35:57 [-][1][-][info][application] $_GET = [
    'p' => 'admin/entries/promo/36-at-the-movies'
]

$_POST = []
2022-11-21 06:36:45 [-][1][-][info][workflow] Editor and Publisher groups not set in settings.
2022-11-21 06:36:45 [-][1][-][info][application] $_GET = [
    'p' => 'admin/entries/promo/36-at-the-movies'
]

$_POST = []
2022-11-21 07:49:03 [-][1][-][info][workflow] Editor and Publisher groups not set in settings.
2022-11-21 07:49:02 [-][1][-][info][application] $_GET = [
    'p' => 'admin/entries/pages/104'
    'draftId' => '34'
    'fresh' => '1'
]

$_POST = []
2022-11-21 07:49:22 [-][1][-][info][workflow] Editor and Publisher groups not set in settings.
2022-11-21 07:49:21 [-][1][-][info][application] $_GET = [
    'p' => 'admin/entries/pages/104-kidsrock'
]

$_POST = []
2022-11-21 07:49:39 [-][1][-][info][workflow] Editor and Publisher groups not set in settings.
2022-11-21 07:49:38 [-][1][-][info][application] $_GET = [
    'p' => 'admin/entries/pages/107'
    'draftId' => '35'
    'fresh' => '1'
]

$_POST = []
2022-11-21 07:50:39 [-][1][-][info][workflow] Editor and Publisher groups not set in settings.
2022-11-21 07:50:38 [-][1][-][info][application] $_GET = [
    'p' => 'admin/entries/pages/107-students'
]

$_POST = []
2022-11-21 07:51:14 [-][1][-][info][workflow] Editor and Publisher groups not set in settings.
2022-11-21 07:51:14 [-][1][-][info][application] $_GET = [
    'p' => 'admin/entries/pages/104-kidsrock'
]

$_POST = []
2022-11-21 08:06:50 [-][1][-][info][workflow] Editor and Publisher groups not set in settings.
2022-11-21 08:06:50 [-][1][-][info][application] $_GET = [
    'p' => 'admin/entries/pages/112'
    'draftId' => '37'
    'fresh' => '1'
]

$_POST = []
2022-11-21 08:08:29 [-][1][-][info][workflow] Editor and Publisher groups not set in settings.
2022-11-21 08:08:28 [-][1][-][info][application] $_GET = [
    'p' => 'admin/entries/pages/114'
    'draftId' => '38'
    'fresh' => '1'
]

$_POST = []
2022-11-21 08:09:01 [-][1][-][info][workflow] Editor and Publisher groups not set in settings.
2022-11-21 08:09:01 [-][1][-][info][application] $_GET = [
    'p' => 'admin/entries/pages/116'
    'draftId' => '39'
    'fresh' => '1'
]

$_POST = []
2022-11-21 12:03:08 [-][1][-][info][workflow] Editor and Publisher groups not set in settings.
2022-11-21 12:03:08 [-][1][-][info][application] $_GET = [
    'p' => 'admin/entries/pages/118'
    'draftId' => '40'
    'fresh' => '1'
]

$_POST = []
2022-11-21 12:05:14 [-][1][-][info][workflow] Editor and Publisher groups not set in settings.
2022-11-21 12:05:14 [-][1][-][info][application] $_GET = [
    'p' => 'admin/entries/pages/120'
    'draftId' => '41'
    'fresh' => '1'
]

$_POST = []
2022-11-21 12:06:31 [-][1][-][info][workflow] Editor and Publisher groups not set in settings.
2022-11-21 12:06:30 [-][1][-][info][application] $_GET = [
    'p' => 'admin/entries/pages/122'
    'draftId' => '42'
    'fresh' => '1'
]

$_POST = []
2022-11-21 12:06:46 [-][1][-][info][workflow] Editor and Publisher groups not set in settings.
2022-11-21 12:06:46 [-][1][-][info][application] $_GET = [
    'p' => 'admin/entries/pages/124'
    'draftId' => '43'
    'fresh' => '1'
]

$_POST = []
2022-11-21 12:10:47 [-][1][-][info][workflow] Editor and Publisher groups not set in settings.
2022-11-21 12:10:47 [-][1][-][info][application] $_GET = [
    'p' => 'admin/entries/pages/126'
    'draftId' => '44'
    'fresh' => '1'
]

$_POST = []
2022-11-21 12:11:07 [-][1][-][info][workflow] Editor and Publisher groups not set in settings.
2022-11-21 12:11:07 [-][1][-][info][application] $_GET = [
    'p' => 'admin/entries/pages/128'
    'draftId' => '45'
    'fresh' => '1'
]

$_POST = []
